<?xml version="1.0" encoding="UTF-8"?>
<!-- Generated by org.testng.reporters.JUnitReportReporter -->
<testsuite hostname="ip-172-31-90-254" failures="0" tests="5" name="testcases.SignupLoginTest" time="20.825" errors="0" timestamp="28 Apr 2024 12:14:16 GMT" skipped="0">
  <testcase classname="testcases.SignupLoginTest" name="LoginSuccessTest" time="2.809"/>
  <testcase classname="testcases.SignupLoginTest" name="LoginFailureTest" time="3.242"/>
  <testcase classname="testcases.SignupLoginTest" name="SignUpTest" time="5.154"/>
  <testcase classname="testcases.SignupLoginTest" name="OneItemCheckoutTest" time="4.827"/>
  <testcase classname="testcases.SignupLoginTest" name="TwoItemCheckoutTest" time="4.793"/>
</testsuite> <!-- testcases.SignupLoginTest -->
